This file contains any messages produced by compilers while
running configure, to aid debugging if configure makes a mistake.

It was created by killer configure 1, which was
generated by GNU Autoconf 2.69.  Invocation command line was

  $ ./configure 

## --------- ##
## Platform. ##
## --------- ##

hostname = thunder-box
uname -m = x86_64
uname -r = 4.10.0-38-generic
uname -s = Linux
uname -v = #42~16.04.1-Ubuntu SMP Tue Oct 10 16:32:20 UTC 2017

/usr/bin/uname -p = unknown
/bin/uname -X     = unknown

/bin/arch              = unknown
/usr/bin/arch -k       = unknown
/usr/convex/getsysinfo = unknown
/usr/bin/hostinfo      = unknown
/bin/machine           = unknown
/usr/bin/oslevel       = unknown
/bin/universe          = unknown

PATH: /home/shadowthrone/anaconda3/condabin
PATH: /home/shadowthrone/perl5/bin
PATH: ~/root/bin
PATH: /home/shadowthrone/.composer/vendor/bin
PATH: /home/shadowthrone/bin/perl_scripts
PATH: /opt/eclipse
PATH: /home/shadowthrone/bin
PATH: /usr/local/sbin
PATH: /usr/local/bin
PATH: /usr/sbin
PATH: /usr/bin
PATH: /sbin
PATH: /bin
PATH: /usr/games
PATH: /usr/local/games
PATH: /usr/local/go/bin
PATH: /home/shadowthrone/lingo15
PATH: /home/shadowthrone/lingo15
PATH: /opt/microchip/xc8/v1.38/bin
PATH: ~/apps/circos_all/current/bin
PATH: /opt/microchip/xc8/v1.38/bin
PATH: /usr/share/pk2


## ----------- ##
## Core tests. ##
## ----------- ##

configure:2271: checking for a BSD-compatible install
configure:2339: result: /usr/bin/install -c
configure:2350: checking whether build environment is sane
configure:2405: result: yes
configure:2556: checking for a thread-safe mkdir -p
configure:2595: result: /bin/mkdir -p
configure:2602: checking for gawk
configure:2618: found /usr/bin/gawk
configure:2629: result: gawk
configure:2640: checking whether make sets $(MAKE)
configure:2662: result: yes
configure:2691: checking whether make supports nested variables
configure:2708: result: yes
configure:2891: checking for gcc
configure:2907: found /usr/bin/gcc
configure:2918: result: gcc
configure:3147: checking for C compiler version
configure:3156: gcc --version >&5
gcc (Ubuntu 5.4.0-6ubuntu1~16.04.12) 5.4.0 20160609
Copyright (C) 2015 Free Software Foundation, Inc.
This is free software; see the source for copying conditions.  There is NO
warranty; not even for MERCHANTABILITY or FITNESS FOR A PARTICULAR PURPOSE.

configure:3167: $? = 0
configure:3156: gcc -v >&5
Using built-in specs.
COLLECT_GCC=gcc
COLLECT_LTO_WRAPPER=/usr/lib/gcc/x86_64-linux-gnu/5/lto-wrapper
Target: x86_64-linux-gnu
Configured with: ../src/configure -v --with-pkgversion='Ubuntu 5.4.0-6ubuntu1~16.04.12' --with-bugurl=file:///usr/share/doc/gcc-5/README.Bugs --enable-languages=c,ada,c++,java,go,d,fortran,objc,obj-c++ --prefix=/usr --program-suffix=-5 --enable-shared --enable-linker-build-id --libexecdir=/usr/lib --without-included-gettext --enable-threads=posix --libdir=/usr/lib --enable-nls --with-sysroot=/ --enable-clocale=gnu --enable-libstdcxx-debug --enable-libstdcxx-time=yes --with-default-libstdcxx-abi=new --enable-gnu-unique-object --disable-vtable-verify --enable-libmpx --enable-plugin --with-system-zlib --disable-browser-plugin --enable-java-awt=gtk --enable-gtk-cairo --with-java-home=/usr/lib/jvm/java-1.5.0-gcj-5-amd64/jre --enable-java-home --with-jvm-root-dir=/usr/lib/jvm/java-1.5.0-gcj-5-amd64 --with-jvm-jar-dir=/usr/lib/jvm-exports/java-1.5.0-gcj-5-amd64 --with-arch-directory=amd64 --with-ecj-jar=/usr/share/java/eclipse-ecj.jar --enable-objc-gc --enable-multiarch --disable-werror --with-arch-32=i686 --with-abi=m64 --with-multilib-list=m32,m64,mx32 --enable-multilib --with-tune=generic --enable-checking=release --build=x86_64-linux-gnu --host=x86_64-linux-gnu --target=x86_64-linux-gnu
Thread model: posix
gcc version 5.4.0 20160609 (Ubuntu 5.4.0-6ubuntu1~16.04.12) 
configure:3167: $? = 0
configure:3156: gcc -V >&5
gcc: error: unrecognized command line option '-V'
gcc: fatal error: no input files
compilation terminated.
configure:3167: $? = 1
configure:3156: gcc -qversion >&5
gcc: error: unrecognized command line option '-qversion'
gcc: fatal error: no input files
compilation terminated.
configure:3167: $? = 1
configure:3187: checking whether the C compiler works
configure:3209: gcc   -Wl,-O2 -Wl,--sort-common -Wl,--as-needed -Wl,-z,relro -Wl,-z,now -Wl,--disable-new-dtags -Wl,--gc-sections -Wl,-rpath,/home/shadowthrone/anaconda3/lib -Wl,-rpath-link,/home/shadowthrone/anaconda3/lib -L/home/shadowthrone/anaconda3/lib conftest.c  >&5
configure:3213: $? = 0
configure:3261: result: yes
configure:3264: checking for C compiler default output file name
configure:3266: result: a.out
configure:3272: checking for suffix of executables
configure:3279: gcc -o conftest   -Wl,-O2 -Wl,--sort-common -Wl,--as-needed -Wl,-z,relro -Wl,-z,now -Wl,--disable-new-dtags -Wl,--gc-sections -Wl,-rpath,/home/shadowthrone/anaconda3/lib -Wl,-rpath-link,/home/shadowthrone/anaconda3/lib -L/home/shadowthrone/anaconda3/lib conftest.c  >&5
configure:3283: $? = 0
configure:3305: result: 
configure:3327: checking whether we are cross compiling
configure:3335: gcc -o conftest   -Wl,-O2 -Wl,--sort-common -Wl,--as-needed -Wl,-z,relro -Wl,-z,now -Wl,--disable-new-dtags -Wl,--gc-sections -Wl,-rpath,/home/shadowthrone/anaconda3/lib -Wl,-rpath-link,/home/shadowthrone/anaconda3/lib -L/home/shadowthrone/anaconda3/lib conftest.c  >&5
configure:3339: $? = 0
configure:3346: ./conftest
configure:3350: $? = 0
configure:3365: result: no
configure:3370: checking for suffix of object files
configure:3392: gcc -c   conftest.c >&5
configure:3396: $? = 0
configure:3417: result: o
configure:3421: checking whether we are using the GNU C compiler
configure:3440: gcc -c   conftest.c >&5
configure:3440: $? = 0
configure:3449: result: yes
configure:3458: checking whether gcc accepts -g
configure:3478: gcc -c -g  conftest.c >&5
configure:3478: $? = 0
configure:3519: result: yes
configure:3536: checking for gcc option to accept ISO C89
configure:3599: gcc  -c -g -O2  conftest.c >&5
configure:3599: $? = 0
configure:3612: result: none needed
configure:3637: checking whether gcc understands -c and -o together
configure:3659: gcc -c conftest.c -o conftest2.o
configure:3662: $? = 0
configure:3659: gcc -c conftest.c -o conftest2.o
configure:3662: $? = 0
configure:3674: result: yes
configure:3702: checking for style of include used by make
configure:3730: result: GNU
configure:3756: checking dependency style of gcc
configure:3867: result: gcc3
configure:3885: checking for library containing pcap_lookupdev
configure:3916: gcc -o conftest -g -O2  -Wl,-O2 -Wl,--sort-common -Wl,--as-needed -Wl,-z,relro -Wl,-z,now -Wl,--disable-new-dtags -Wl,--gc-sections -Wl,-rpath,/home/shadowthrone/anaconda3/lib -Wl,-rpath-link,/home/shadowthrone/anaconda3/lib -L/home/shadowthrone/anaconda3/lib conftest.c  >&5
/tmp/ccT8SrzT.o: In function `main':
/home/shadowthrone/whh_samples/c_code/wifikiller/conftest.c:22: undefined reference to `pcap_lookupdev'
collect2: error: ld returned 1 exit status
configure:3916: $? = 1
configure: failed program was:
| /* confdefs.h */
| #define PACKAGE_NAME "killer"
| #define PACKAGE_TARNAME "killer"
| #define PACKAGE_VERSION "1"
| #define PACKAGE_STRING "killer 1"
| #define PACKAGE_BUGREPORT "/dev/null"
| #define PACKAGE_URL ""
| #define PACKAGE "killer"
| #define VERSION "1"
| /* end confdefs.h.  */
| 
| /* Override any GCC internal prototype to avoid an error.
|    Use char because int might match the return type of a GCC
|    builtin and then its argument prototype would still apply.  */
| #ifdef __cplusplus
| extern "C"
| #endif
| char pcap_lookupdev ();
| int
| main ()
| {
| return pcap_lookupdev ();
|   ;
|   return 0;
| }
configure:3916: gcc -o conftest -g -O2  -Wl,-O2 -Wl,--sort-common -Wl,--as-needed -Wl,-z,relro -Wl,-z,now -Wl,--disable-new-dtags -Wl,--gc-sections -Wl,-rpath,/home/shadowthrone/anaconda3/lib -Wl,-rpath-link,/home/shadowthrone/anaconda3/lib -L/home/shadowthrone/anaconda3/lib conftest.c -lpcap   >&5
configure:3916: $? = 0
configure:3933: result: -lpcap
configure:3941: checking for library containing g_io_channel_new_file
configure:3972: gcc -o conftest -g -O2  -Wl,-O2 -Wl,--sort-common -Wl,--as-needed -Wl,-z,relro -Wl,-z,now -Wl,--disable-new-dtags -Wl,--gc-sections -Wl,-rpath,/home/shadowthrone/anaconda3/lib -Wl,-rpath-link,/home/shadowthrone/anaconda3/lib -L/home/shadowthrone/anaconda3/lib conftest.c -lpcap  >&5
/tmp/ccNgoIwZ.o: In function `main':
/home/shadowthrone/whh_samples/c_code/wifikiller/conftest.c:22: undefined reference to `g_io_channel_new_file'
collect2: error: ld returned 1 exit status
configure:3972: $? = 1
configure: failed program was:
| /* confdefs.h */
| #define PACKAGE_NAME "killer"
| #define PACKAGE_TARNAME "killer"
| #define PACKAGE_VERSION "1"
| #define PACKAGE_STRING "killer 1"
| #define PACKAGE_BUGREPORT "/dev/null"
| #define PACKAGE_URL ""
| #define PACKAGE "killer"
| #define VERSION "1"
| /* end confdefs.h.  */
| 
| /* Override any GCC internal prototype to avoid an error.
|    Use char because int might match the return type of a GCC
|    builtin and then its argument prototype would still apply.  */
| #ifdef __cplusplus
| extern "C"
| #endif
| char g_io_channel_new_file ();
| int
| main ()
| {
| return g_io_channel_new_file ();
|   ;
|   return 0;
| }
configure:3972: gcc -o conftest -g -O2  -Wl,-O2 -Wl,--sort-common -Wl,--as-needed -Wl,-z,relro -Wl,-z,now -Wl,--disable-new-dtags -Wl,--gc-sections -Wl,-rpath,/home/shadowthrone/anaconda3/lib -Wl,-rpath-link,/home/shadowthrone/anaconda3/lib -L/home/shadowthrone/anaconda3/lib conftest.c -lglib-2.0  -lpcap  >&5
configure:3972: $? = 0
configure:3989: result: -lglib-2.0
configure:4051: checking for pkg-config
configure:4069: found /usr/bin/pkg-config
configure:4081: result: /usr/bin/pkg-config
configure:4106: checking pkg-config is at least version 0.9.0
configure:4109: result: yes
configure:4119: checking for GLIB
configure:4126: $PKG_CONFIG --exists --print-errors "glib-2.0 gobject-2.0"
configure:4129: $? = 0
configure:4143: $PKG_CONFIG --exists --print-errors "glib-2.0 gobject-2.0"
configure:4146: $? = 0
configure:4204: result: yes
configure:4216: checking how to run the C preprocessor
configure:4247: gcc -E  conftest.c
configure:4247: $? = 0
configure:4261: gcc -E  conftest.c
conftest.c:11:28: fatal error: ac_nonexistent.h: No such file or directory
compilation terminated.
configure:4261: $? = 1
configure: failed program was:
| /* confdefs.h */
| #define PACKAGE_NAME "killer"
| #define PACKAGE_TARNAME "killer"
| #define PACKAGE_VERSION "1"
| #define PACKAGE_STRING "killer 1"
| #define PACKAGE_BUGREPORT "/dev/null"
| #define PACKAGE_URL ""
| #define PACKAGE "killer"
| #define VERSION "1"
| /* end confdefs.h.  */
| #include <ac_nonexistent.h>
configure:4286: result: gcc -E
configure:4306: gcc -E  conftest.c
configure:4306: $? = 0
configure:4320: gcc -E  conftest.c
conftest.c:11:28: fatal error: ac_nonexistent.h: No such file or directory
compilation terminated.
configure:4320: $? = 1
configure: failed program was:
| /* confdefs.h */
| #define PACKAGE_NAME "killer"
| #define PACKAGE_TARNAME "killer"
| #define PACKAGE_VERSION "1"
| #define PACKAGE_STRING "killer 1"
| #define PACKAGE_BUGREPORT "/dev/null"
| #define PACKAGE_URL ""
| #define PACKAGE "killer"
| #define VERSION "1"
| /* end confdefs.h.  */
| #include <ac_nonexistent.h>
configure:4349: checking for grep that handles long lines and -e
configure:4407: result: /bin/grep
configure:4412: checking for egrep
configure:4474: result: /bin/grep -E
configure:4479: checking for ANSI C header files
configure:4499: gcc -c -g -O2  conftest.c >&5
configure:4499: $? = 0
configure:4572: gcc -o conftest -g -O2  -Wl,-O2 -Wl,--sort-common -Wl,--as-needed -Wl,-z,relro -Wl,-z,now -Wl,--disable-new-dtags -Wl,--gc-sections -Wl,-rpath,/home/shadowthrone/anaconda3/lib -Wl,-rpath-link,/home/shadowthrone/anaconda3/lib -L/home/shadowthrone/anaconda3/lib conftest.c -lglib-2.0 -lpcap  >&5
configure:4572: $? = 0
configure:4572: ./conftest
configure:4572: $? = 0
configure:4583: result: yes
configure:4596: checking for sys/types.h
configure:4596: gcc -c -g -O2  conftest.c >&5
configure:4596: $? = 0
configure:4596: result: yes
configure:4596: checking for sys/stat.h
configure:4596: gcc -c -g -O2  conftest.c >&5
configure:4596: $? = 0
configure:4596: result: yes
configure:4596: checking for stdlib.h
configure:4596: gcc -c -g -O2  conftest.c >&5
configure:4596: $? = 0
configure:4596: result: yes
configure:4596: checking for string.h
configure:4596: gcc -c -g -O2  conftest.c >&5
configure:4596: $? = 0
configure:4596: result: yes
configure:4596: checking for memory.h
configure:4596: gcc -c -g -O2  conftest.c >&5
configure:4596: $? = 0
configure:4596: result: yes
configure:4596: checking for strings.h
configure:4596: gcc -c -g -O2  conftest.c >&5
configure:4596: $? = 0
configure:4596: result: yes
configure:4596: checking for inttypes.h
configure:4596: gcc -c -g -O2  conftest.c >&5
configure:4596: $? = 0
configure:4596: result: yes
configure:4596: checking for stdint.h
configure:4596: gcc -c -g -O2  conftest.c >&5
configure:4596: $? = 0
configure:4596: result: yes
configure:4596: checking for unistd.h
configure:4596: gcc -c -g -O2  conftest.c >&5
configure:4596: $? = 0
configure:4596: result: yes
configure:4614: checking arpa/inet.h usability
configure:4614: gcc -c -g -O2  conftest.c >&5
configure:4614: $? = 0
configure:4614: result: yes
configure:4614: checking arpa/inet.h presence
configure:4614: gcc -E  conftest.c
configure:4614: $? = 0
configure:4614: result: yes
configure:4614: checking for arpa/inet.h
configure:4614: result: yes
configure:4614: checking netinet/in.h usability
configure:4614: gcc -c -g -O2  conftest.c >&5
configure:4614: $? = 0
configure:4614: result: yes
configure:4614: checking netinet/in.h presence
configure:4614: gcc -E  conftest.c
configure:4614: $? = 0
configure:4614: result: yes
configure:4614: checking for netinet/in.h
configure:4614: result: yes
configure:4614: checking for stdlib.h
configure:4614: result: yes
configure:4614: checking for string.h
configure:4614: result: yes
configure:4614: checking sys/socket.h usability
configure:4614: gcc -c -g -O2  conftest.c >&5
configure:4614: $? = 0
configure:4614: result: yes
configure:4614: checking sys/socket.h presence
configure:4614: gcc -E  conftest.c
configure:4614: $? = 0
configure:4614: result: yes
configure:4614: checking for sys/socket.h
configure:4614: result: yes
configure:4614: checking for unistd.h
configure:4614: result: yes
configure:4614: checking pcap.h usability
configure:4614: gcc -c -g -O2  conftest.c >&5
configure:4614: $? = 0
configure:4614: result: yes
configure:4614: checking pcap.h presence
configure:4614: gcc -E  conftest.c
configure:4614: $? = 0
configure:4614: result: yes
configure:4614: checking for pcap.h
configure:4614: result: yes
configure:4629: checking for size_t
configure:4629: gcc -c -g -O2  conftest.c >&5
configure:4629: $? = 0
configure:4629: gcc -c -g -O2  conftest.c >&5
conftest.c: In function 'main':
conftest.c:64:21: error: expected expression before ')' token
 if (sizeof ((size_t)))
                     ^
configure:4629: $? = 1
configure: failed program was:
| /* confdefs.h */
| #define PACKAGE_NAME "killer"
| #define PACKAGE_TARNAME "killer"
| #define PACKAGE_VERSION "1"
| #define PACKAGE_STRING "killer 1"
| #define PACKAGE_BUGREPORT "/dev/null"
| #define PACKAGE_URL ""
| #define PACKAGE "killer"
| #define VERSION "1"
| #define STDC_HEADERS 1
| #define HAVE_SYS_TYPES_H 1
| #define HAVE_SYS_STAT_H 1
| #define HAVE_STDLIB_H 1
| #define HAVE_STRING_H 1
| #define HAVE_MEMORY_H 1
| #define HAVE_STRINGS_H 1
| #define HAVE_INTTYPES_H 1
| #define HAVE_STDINT_H 1
| #define HAVE_UNISTD_H 1
| #define HAVE_ARPA_INET_H 1
| #define HAVE_NETINET_IN_H 1
| #define HAVE_STDLIB_H 1
| #define HAVE_STRING_H 1
| #define HAVE_SYS_SOCKET_H 1
| #define HAVE_UNISTD_H 1
| #define HAVE_PCAP_H 1
| /* end confdefs.h.  */
| #include <stdio.h>
| #ifdef HAVE_SYS_TYPES_H
| # include <sys/types.h>
| #endif
| #ifdef HAVE_SYS_STAT_H
| # include <sys/stat.h>
| #endif
| #ifdef STDC_HEADERS
| # include <stdlib.h>
| # include <stddef.h>
| #else
| # ifdef HAVE_STDLIB_H
| #  include <stdlib.h>
| # endif
| #endif
| #ifdef HAVE_STRING_H
| # if !defined STDC_HEADERS && defined HAVE_MEMORY_H
| #  include <memory.h>
| # endif
| # include <string.h>
| #endif
| #ifdef HAVE_STRINGS_H
| # include <strings.h>
| #endif
| #ifdef HAVE_INTTYPES_H
| # include <inttypes.h>
| #endif
| #ifdef HAVE_STDINT_H
| # include <stdint.h>
| #endif
| #ifdef HAVE_UNISTD_H
| # include <unistd.h>
| #endif
| int
| main ()
| {
| if (sizeof ((size_t)))
| 	    return 0;
|   ;
|   return 0;
| }
configure:4629: result: yes
configure:4644: checking for stdlib.h
configure:4644: result: yes
configure:4654: checking for GNU libc compatible malloc
configure:4678: gcc -o conftest -g -O2  -Wl,-O2 -Wl,--sort-common -Wl,--as-needed -Wl,-z,relro -Wl,-z,now -Wl,--disable-new-dtags -Wl,--gc-sections -Wl,-rpath,/home/shadowthrone/anaconda3/lib -Wl,-rpath-link,/home/shadowthrone/anaconda3/lib -L/home/shadowthrone/anaconda3/lib conftest.c -lglib-2.0 -lpcap  >&5
configure:4678: $? = 0
configure:4678: ./conftest
configure:4678: $? = 0
configure:4688: result: yes
configure:4711: checking for stdlib.h
configure:4711: result: yes
configure:4721: checking for GNU libc compatible realloc
configure:4745: gcc -o conftest -g -O2  -Wl,-O2 -Wl,--sort-common -Wl,--as-needed -Wl,-z,relro -Wl,-z,now -Wl,--disable-new-dtags -Wl,--gc-sections -Wl,-rpath,/home/shadowthrone/anaconda3/lib -Wl,-rpath-link,/home/shadowthrone/anaconda3/lib -L/home/shadowthrone/anaconda3/lib conftest.c -lglib-2.0 -lpcap  >&5
configure:4745: $? = 0
configure:4745: ./conftest
configure:4745: $? = 0
configure:4755: result: yes
configure:4779: checking for memset
configure:4779: gcc -o conftest -g -O2  -Wl,-O2 -Wl,--sort-common -Wl,--as-needed -Wl,-z,relro -Wl,-z,now -Wl,--disable-new-dtags -Wl,--gc-sections -Wl,-rpath,/home/shadowthrone/anaconda3/lib -Wl,-rpath-link,/home/shadowthrone/anaconda3/lib -L/home/shadowthrone/anaconda3/lib conftest.c -lglib-2.0 -lpcap  >&5
conftest.c:55:6: warning: conflicting types for built-in function 'memset'
 char memset ();
      ^
configure:4779: $? = 0
configure:4779: result: yes
configure:4779: checking for strdup
configure:4779: gcc -o conftest -g -O2  -Wl,-O2 -Wl,--sort-common -Wl,--as-needed -Wl,-z,relro -Wl,-z,now -Wl,--disable-new-dtags -Wl,--gc-sections -Wl,-rpath,/home/shadowthrone/anaconda3/lib -Wl,-rpath-link,/home/shadowthrone/anaconda3/lib -L/home/shadowthrone/anaconda3/lib conftest.c -lglib-2.0 -lpcap  >&5
conftest.c:56:6: warning: conflicting types for built-in function 'strdup'
 char strdup ();
      ^
configure:4779: $? = 0
configure:4779: result: yes
configure:4902: checking that generated files are newer than configure
configure:4908: result: done
configure:4931: creating ./config.status

## ---------------------- ##
## Running config.status. ##
## ---------------------- ##

This file was extended by killer config.status 1, which was
generated by GNU Autoconf 2.69.  Invocation command line was

  CONFIG_FILES    = 
  CONFIG_HEADERS  = 
  CONFIG_LINKS    = 
  CONFIG_COMMANDS = 
  $ ./config.status 

on thunder-box

config.status:873: creating Makefile
config.status:873: creating src/Makefile
config.status:873: creating config.h
config.status:1054: config.h is unchanged
config.status:1102: executing depfiles commands

## ---------------- ##
## Cache variables. ##
## ---------------- ##

ac_cv_c_compiler_gnu=yes
ac_cv_env_CC_set=
ac_cv_env_CC_value=
ac_cv_env_CFLAGS_set=
ac_cv_env_CFLAGS_value=
ac_cv_env_CPPFLAGS_set=
ac_cv_env_CPPFLAGS_value=
ac_cv_env_CPP_set=
ac_cv_env_CPP_value=
ac_cv_env_GLIB_CFLAGS_set=
ac_cv_env_GLIB_CFLAGS_value=
ac_cv_env_GLIB_LIBS_set=
ac_cv_env_GLIB_LIBS_value=
ac_cv_env_LDFLAGS_set=set
ac_cv_env_LDFLAGS_value='-Wl,-O2 -Wl,--sort-common -Wl,--as-needed -Wl,-z,relro -Wl,-z,now -Wl,--disable-new-dtags -Wl,--gc-sections -Wl,-rpath,/home/shadowthrone/anaconda3/lib -Wl,-rpath-link,/home/shadowthrone/anaconda3/lib -L/home/shadowthrone/anaconda3/lib'
ac_cv_env_LIBS_set=
ac_cv_env_LIBS_value=
ac_cv_env_PKG_CONFIG_LIBDIR_set=
ac_cv_env_PKG_CONFIG_LIBDIR_value=
ac_cv_env_PKG_CONFIG_PATH_set=
ac_cv_env_PKG_CONFIG_PATH_value=
ac_cv_env_PKG_CONFIG_set=
ac_cv_env_PKG_CONFIG_value=
ac_cv_env_build_alias_set=
ac_cv_env_build_alias_value=
ac_cv_env_host_alias_set=
ac_cv_env_host_alias_value=
ac_cv_env_target_alias_set=
ac_cv_env_target_alias_value=
ac_cv_func_malloc_0_nonnull=yes
ac_cv_func_memset=yes
ac_cv_func_realloc_0_nonnull=yes
ac_cv_func_strdup=yes
ac_cv_header_arpa_inet_h=yes
ac_cv_header_inttypes_h=yes
ac_cv_header_memory_h=yes
ac_cv_header_netinet_in_h=yes
ac_cv_header_pcap_h=yes
ac_cv_header_stdc=yes
ac_cv_header_stdint_h=yes
ac_cv_header_stdlib_h=yes
ac_cv_header_string_h=yes
ac_cv_header_strings_h=yes
ac_cv_header_sys_socket_h=yes
ac_cv_header_sys_stat_h=yes
ac_cv_header_sys_types_h=yes
ac_cv_header_unistd_h=yes
ac_cv_objext=o
ac_cv_path_EGREP='/bin/grep -E'
ac_cv_path_GREP=/bin/grep
ac_cv_path_ac_pt_PKG_CONFIG=/usr/bin/pkg-config
ac_cv_path_install='/usr/bin/install -c'
ac_cv_path_mkdir=/bin/mkdir
ac_cv_prog_AWK=gawk
ac_cv_prog_CPP='gcc -E'
ac_cv_prog_ac_ct_CC=gcc
ac_cv_prog_cc_c89=
ac_cv_prog_cc_g=yes
ac_cv_prog_make_make_set=yes
ac_cv_search_g_io_channel_new_file=-lglib-2.0
ac_cv_search_pcap_lookupdev=-lpcap
ac_cv_type_size_t=yes
am_cv_CC_dependencies_compiler_type=gcc3
am_cv_make_support_nested_variables=yes
am_cv_prog_cc_c_o=yes
pkg_cv_GLIB_CFLAGS='-I/usr/include/glib-2.0 -I/usr/lib/x86_64-linux-gnu/glib-2.0/include'
pkg_cv_GLIB_LIBS='-lgobject-2.0 -lglib-2.0'

## ----------------- ##
## Output variables. ##
## ----------------- ##

ACLOCAL='${SHELL} /home/shadowthrone/whh_samples/c_code/wifikiller/missing aclocal-1.15'
AMDEPBACKSLASH='\'
AMDEP_FALSE='#'
AMDEP_TRUE=''
AMTAR='$${TAR-tar}'
AM_BACKSLASH='\'
AM_DEFAULT_V='$(AM_DEFAULT_VERBOSITY)'
AM_DEFAULT_VERBOSITY='1'
AM_V='$(V)'
AUTOCONF='${SHELL} /home/shadowthrone/whh_samples/c_code/wifikiller/missing autoconf'
AUTOHEADER='${SHELL} /home/shadowthrone/whh_samples/c_code/wifikiller/missing autoheader'
AUTOMAKE='${SHELL} /home/shadowthrone/whh_samples/c_code/wifikiller/missing automake-1.15'
AWK='gawk'
CC='gcc'
CCDEPMODE='depmode=gcc3'
CFLAGS='-g -O2'
CPP='gcc -E'
CPPFLAGS=''
CYGPATH_W='echo'
DEFS='-DHAVE_CONFIG_H'
DEPDIR='.deps'
ECHO_C=''
ECHO_N='-n'
ECHO_T=''
EGREP='/bin/grep -E'
EXEEXT=''
GLIB_CFLAGS='-I/usr/include/glib-2.0 -I/usr/lib/x86_64-linux-gnu/glib-2.0/include'
GLIB_LIBS='-lgobject-2.0 -lglib-2.0'
GREP='/bin/grep'
INSTALL_DATA='${INSTALL} -m 644'
INSTALL_PROGRAM='${INSTALL}'
INSTALL_SCRIPT='${INSTALL}'
INSTALL_STRIP_PROGRAM='$(install_sh) -c -s'
LDFLAGS='-Wl,-O2 -Wl,--sort-common -Wl,--as-needed -Wl,-z,relro -Wl,-z,now -Wl,--disable-new-dtags -Wl,--gc-sections -Wl,-rpath,/home/shadowthrone/anaconda3/lib -Wl,-rpath-link,/home/shadowthrone/anaconda3/lib -L/home/shadowthrone/anaconda3/lib'
LIBOBJS=''
LIBS='-lglib-2.0 -lpcap '
LTLIBOBJS=''
MAKEINFO='${SHELL} /home/shadowthrone/whh_samples/c_code/wifikiller/missing makeinfo'
MKDIR_P='/bin/mkdir -p'
OBJEXT='o'
PACKAGE='killer'
PACKAGE_BUGREPORT='/dev/null'
PACKAGE_NAME='killer'
PACKAGE_STRING='killer 1'
PACKAGE_TARNAME='killer'
PACKAGE_URL=''
PACKAGE_VERSION='1'
PATH_SEPARATOR=':'
PKG_CONFIG='/usr/bin/pkg-config'
PKG_CONFIG_LIBDIR=''
PKG_CONFIG_PATH=''
SET_MAKE=''
SHELL='/bin/bash'
STRIP=''
VERSION='1'
ac_ct_CC='gcc'
am__EXEEXT_FALSE=''
am__EXEEXT_TRUE='#'
am__fastdepCC_FALSE='#'
am__fastdepCC_TRUE=''
am__include='include'
am__isrc=''
am__leading_dot='.'
am__nodep='_no'
am__quote=''
am__tar='$${TAR-tar} chof - "$$tardir"'
am__untar='$${TAR-tar} xf -'
bindir='${exec_prefix}/bin'
build_alias=''
datadir='${datarootdir}'
datarootdir='${prefix}/share'
docdir='${datarootdir}/doc/${PACKAGE_TARNAME}'
dvidir='${docdir}'
exec_prefix='${prefix}'
host_alias=''
htmldir='${docdir}'
includedir='${prefix}/include'
infodir='${datarootdir}/info'
install_sh='${SHELL} /home/shadowthrone/whh_samples/c_code/wifikiller/install-sh'
libdir='${exec_prefix}/lib'
libexecdir='${exec_prefix}/libexec'
localedir='${datarootdir}/locale'
localstatedir='${prefix}/var'
mandir='${datarootdir}/man'
mkdir_p='$(MKDIR_P)'
oldincludedir='/usr/include'
pdfdir='${docdir}'
prefix='/usr/local'
program_transform_name='s,x,x,'
psdir='${docdir}'
runstatedir='${localstatedir}/run'
sbindir='${exec_prefix}/sbin'
sharedstatedir='${prefix}/com'
sysconfdir='${prefix}/etc'
target_alias=''

## ----------- ##
## confdefs.h. ##
## ----------- ##

/* confdefs.h */
#define PACKAGE_NAME "killer"
#define PACKAGE_TARNAME "killer"
#define PACKAGE_VERSION "1"
#define PACKAGE_STRING "killer 1"
#define PACKAGE_BUGREPORT "/dev/null"
#define PACKAGE_URL ""
#define PACKAGE "killer"
#define VERSION "1"
#define STDC_HEADERS 1
#define HAVE_SYS_TYPES_H 1
#define HAVE_SYS_STAT_H 1
#define HAVE_STDLIB_H 1
#define HAVE_STRING_H 1
#define HAVE_MEMORY_H 1
#define HAVE_STRINGS_H 1
#define HAVE_INTTYPES_H 1
#define HAVE_STDINT_H 1
#define HAVE_UNISTD_H 1
#define HAVE_ARPA_INET_H 1
#define HAVE_NETINET_IN_H 1
#define HAVE_STDLIB_H 1
#define HAVE_STRING_H 1
#define HAVE_SYS_SOCKET_H 1
#define HAVE_UNISTD_H 1
#define HAVE_PCAP_H 1
#define HAVE_STDLIB_H 1
#define HAVE_MALLOC 1
#define HAVE_STDLIB_H 1
#define HAVE_REALLOC 1
#define HAVE_MEMSET 1
#define HAVE_STRDUP 1

configure: exit 0
